Determining if the pthread_create exist failed with the following output:
Change Dir: /home/amr/ur_ws/build/catkin_tools_prebuild/CMakeFiles/CMakeTmp

Run Build Command:"/usr/bin/make" "cmTC_a50ed/fast"
/usr/bin/make -f CMakeFiles/cmTC_a50ed.dir/build.make CMakeFiles/cmTC_a50ed.dir/build
make[1]: Entering directory '/home/amr/ur_ws/build/catkin_tools_prebuild/CMakeFiles/CMakeTmp'
Building C object CMakeFiles/cmTC_a50ed.dir/CheckSymbolExists.c.o
/usr/bin/cc    -o CMakeFiles/cmTC_a50ed.dir/CheckSymbolExists.c.o   -c /home/amr/ur_ws/build/catkin_tools_prebuild/CMakeFiles/CMakeTmp/CheckSymbolExists.c
Linking C executable cmTC_a50ed
/usr/bin/cmake -E cmake_link_script CMakeFiles/cmTC_a50ed.dir/link.txt --verbose=1
/usr/bin/cc      -rdynamic CMakeFiles/cmTC_a50ed.dir/CheckSymbolExists.c.o  -o cmTC_a50ed 
CMakeFiles/cmTC_a50ed.dir/CheckSymbolExists.c.o: In function `main':
CheckSymbolExists.c:(.text+0x1b): undefined reference to `pthread_create'
collect2: error: ld returned 1 exit status
CMakeFiles/cmTC_a50ed.dir/build.make:97: recipe for target 'cmTC_a50ed' failed
make[1]: *** [cmTC_a50ed] Error 1
make[1]: Leaving directory '/home/amr/ur_ws/build/catkin_tools_prebuild/CMakeFiles/CMakeTmp'
Makefile:126: recipe for target 'cmTC_a50ed/fast' failed
make: *** [cmTC_a50ed/fast] Error 2

File /home/amr/ur_ws/build/catkin_tools_prebuild/CMakeFiles/CMakeTmp/CheckSymbolExists.c:
/* */
#include <pthread.h>

int main(int argc, char** argv)
{
  (void)argv;
#ifndef pthread_create
  return ((int*)(&pthread_create))[argc];
#else
  (void)argc;
  return 0;
#endif
}

Determining if the function pthread_create exists in the pthreads failed with the following output:
Change Dir: /home/amr/ur_ws/build/catkin_tools_prebuild/CMakeFiles/CMakeTmp

Run Build Command:"/usr/bin/make" "cmTC_906fb/fast"
/usr/bin/make -f CMakeFiles/cmTC_906fb.dir/build.make CMakeFiles/cmTC_906fb.dir/build
make[1]: Entering directory '/home/amr/ur_ws/build/catkin_tools_prebuild/CMakeFiles/CMakeTmp'
Building C object CMakeFiles/cmTC_906fb.dir/CheckFunctionExists.c.o
/usr/bin/cc   -DCHECK_FUNCTION_EXISTS=pthread_create   -o CMakeFiles/cmTC_906fb.dir/CheckFunctionExists.c.o   -c /usr/share/cmake-3.10/Modules/CheckFunctionExists.c
Linking C executable cmTC_906fb
/usr/bin/cmake -E cmake_link_script CMakeFiles/cmTC_906fb.dir/link.txt --verbose=1
/usr/bin/cc  -DCHECK_FUNCTION_EXISTS=pthread_create    -rdynamic CMakeFiles/cmTC_906fb.dir/CheckFunctionExists.c.o  -o cmTC_906fb -lpthreads 
/usr/bin/ld: cannot find -lpthreads
collect2: error: ld returned 1 exit status
CMakeFiles/cmTC_906fb.dir/build.make:97: recipe for target 'cmTC_906fb' failed
make[1]: *** [cmTC_906fb] Error 1
make[1]: Leaving directory '/home/amr/ur_ws/build/catkin_tools_prebuild/CMakeFiles/CMakeTmp'
Makefile:126: recipe for target 'cmTC_906fb/fast' failed
make: *** [cmTC_906fb/fast] Error 2


