Determining if the pthread_create exist failed with the following output:
Change Dir: /home/amr/ur_ws/build/ur5_moveit_config/CMakeFiles/CMakeTmp

Run Build Command:"/usr/bin/make" "cmTC_cfc2b/fast"
/usr/bin/make -f CMakeFiles/cmTC_cfc2b.dir/build.make CMakeFiles/cmTC_cfc2b.dir/build
make[1]: Entering directory '/home/amr/ur_ws/build/ur5_moveit_config/CMakeFiles/CMakeTmp'
Building C object CMakeFiles/cmTC_cfc2b.dir/CheckSymbolExists.c.o
/usr/bin/cc    -o CMakeFiles/cmTC_cfc2b.dir/CheckSymbolExists.c.o   -c /home/amr/ur_ws/build/ur5_moveit_config/CMakeFiles/CMakeTmp/CheckSymbolExists.c
Linking C executable cmTC_cfc2b
/usr/bin/cmake -E cmake_link_script CMakeFiles/cmTC_cfc2b.dir/link.txt --verbose=1
/usr/bin/cc      -rdynamic CMakeFiles/cmTC_cfc2b.dir/CheckSymbolExists.c.o  -o cmTC_cfc2b 
CMakeFiles/cmTC_cfc2b.dir/CheckSymbolExists.c.o: In function `main':
CheckSymbolExists.c:(.text+0x1b): undefined reference to `pthread_create'
collect2: error: ld returned 1 exit status
CMakeFiles/cmTC_cfc2b.dir/build.make:97: recipe for target 'cmTC_cfc2b' failed
make[1]: *** [cmTC_cfc2b] Error 1
make[1]: Leaving directory '/home/amr/ur_ws/build/ur5_moveit_config/CMakeFiles/CMakeTmp'
Makefile:126: recipe for target 'cmTC_cfc2b/fast' failed
make: *** [cmTC_cfc2b/fast] Error 2

File /home/amr/ur_ws/build/ur5_moveit_config/CMakeFiles/CMakeTmp/CheckSymbolExists.c:
/* */
#include <pthread.h>

int main(int argc, char** argv)
{
  (void)argv;
#ifndef pthread_create
  return ((int*)(&pthread_create))[argc];
#else
  (void)argc;
  return 0;
#endif
}

Determining if the function pthread_create exists in the pthreads failed with the following output:
Change Dir: /home/amr/ur_ws/build/ur5_moveit_config/CMakeFiles/CMakeTmp

Run Build Command:"/usr/bin/make" "cmTC_946af/fast"
/usr/bin/make -f CMakeFiles/cmTC_946af.dir/build.make CMakeFiles/cmTC_946af.dir/build
make[1]: Entering directory '/home/amr/ur_ws/build/ur5_moveit_config/CMakeFiles/CMakeTmp'
Building C object CMakeFiles/cmTC_946af.dir/CheckFunctionExists.c.o
/usr/bin/cc   -DCHECK_FUNCTION_EXISTS=pthread_create   -o CMakeFiles/cmTC_946af.dir/CheckFunctionExists.c.o   -c /usr/share/cmake-3.10/Modules/CheckFunctionExists.c
Linking C executable cmTC_946af
/usr/bin/cmake -E cmake_link_script CMakeFiles/cmTC_946af.dir/link.txt --verbose=1
/usr/bin/cc  -DCHECK_FUNCTION_EXISTS=pthread_create    -rdynamic CMakeFiles/cmTC_946af.dir/CheckFunctionExists.c.o  -o cmTC_946af -lpthreads 
/usr/bin/ld: cannot find -lpthreads
collect2: error: ld returned 1 exit status
CMakeFiles/cmTC_946af.dir/build.make:97: recipe for target 'cmTC_946af' failed
make[1]: *** [cmTC_946af] Error 1
make[1]: Leaving directory '/home/amr/ur_ws/build/ur5_moveit_config/CMakeFiles/CMakeTmp'
Makefile:126: recipe for target 'cmTC_946af/fast' failed
make: *** [cmTC_946af/fast] Error 2


